[debug] [2026-03-17T08:51:57.555Z] ----------------------------------------------------------------------
[debug] [2026-03-17T08:51:57.556Z] Command:       C:\Program Files\nodejs\node.exe C:\Program Files\nodejs\node_modules\firebase-tools\lib\bin\firebase.js init
[debug] [2026-03-17T08:51:57.557Z] CLI Version:   13.35.1
[debug] [2026-03-17T08:51:57.557Z] Platform:      win32
[debug] [2026-03-17T08:51:57.557Z] Node Version:  v18.20.8
[debug] [2026-03-17T08:51:57.558Z] Time:          Tue Mar 17 2026 16:51:57 GMT+0800 (Philippine Standard Time)
[debug] [2026-03-17T08:51:57.558Z] ----------------------------------------------------------------------
[debug] 
[debug] [2026-03-17T08:51:57.562Z] > command requires scopes: ["email","openid","https://www.googleapis.com/auth/cloudplatformprojects.readonly","https://www.googleapis.com/auth/firebase","https://www.googleapis.com/auth/cloud-platform"]
[debug] [2026-03-17T08:51:57.562Z] > authorizing via signed-in user (onecompileman13@gmail.com)
[info] 
     ######## #### ########  ######## ########     ###     ######  ########
     ##        ##  ##     ## ##       ##     ##  ##   ##  ##       ##
     ######    ##  ########  ######   ########  #########  ######  ######
     ##        ##  ##    ##  ##       ##     ## ##     ##       ## ##
     ##       #### ##     ## ######## ########  ##     ##  ######  ########

You're about to initialize a Firebase project in this directory:

  D:\Project Files\kahoot-clone-fe

[info] 
=== Project Setup
[info] 
[info] First, let's associate this project directory with a Firebase project.
[info] You can create multiple project aliases by running firebase use --add, 
[info] but for now we'll just set up a default project.
[info] 
[debug] [2026-03-17T08:52:26.464Z] Checked if tokens are valid: true, expires at: 1773741107080
[debug] [2026-03-17T08:52:26.465Z] Checked if tokens are valid: true, expires at: 1773741107080
[debug] [2026-03-17T08:52:26.466Z] >>> [apiv2][query] GET https://firebase.googleapis.com/v1beta1/projects pageSize=100
[debug] [2026-03-17T08:52:27.175Z] <<< [apiv2][status] GET https://firebase.googleapis.com/v1beta1/projects 200
[debug] [2026-03-17T08:52:27.175Z] <<< [apiv2][body] GET https://firebase.googleapis.com/v1beta1/projects [omitted]
[info] i  Using project kahoot-clone-net (kahoot-clone-net) 
[info] 
=== Apphosting Setup
[debug] [2026-03-17T08:52:29.082Z] Checked if tokens are valid: true, expires at: 1773741107080
[debug] [2026-03-17T08:52:29.082Z] Checked if tokens are valid: true, expires at: 1773741107080
[debug] [2026-03-17T08:52:29.082Z] >>> [apiv2][query] GET https://cloudbilling.googleapis.com/v1/projects/kahoot-clone-net/billingInfo [none]
[debug] [2026-03-17T08:52:30.706Z] <<< [apiv2][status] GET https://cloudbilling.googleapis.com/v1/projects/kahoot-clone-net/billingInfo 200
[debug] [2026-03-17T08:52:30.706Z] <<< [apiv2][body] GET https://cloudbilling.googleapis.com/v1/projects/kahoot-clone-net/billingInfo {"name":"projects/kahoot-clone-net/billingInfo","projectId":"kahoot-clone-net","billingAccountName":"billingAccounts/01C40B-990A64-4AFF6C","billingEnabled":true}
[info] i  Writing default settings to apphosting.yaml... 
[info] +  Wrote apphosting.yaml 
[info] +  Create a new App Hosting backend with `firebase apphosting:backends:create` 
[info] 
=== Hosting Setup
[debug] [2026-03-17T08:52:30.709Z] Checked if tokens are valid: true, expires at: 1773741107080
[debug] [2026-03-17T08:52:30.709Z] Checked if tokens are valid: true, expires at: 1773741107080
[debug] [2026-03-17T08:52:30.709Z] >>> [apiv2][query] GET https://firebase.googleapis.com/v1beta1/projects/kahoot-clone-net [none]
[debug] [2026-03-17T08:52:31.117Z] <<< [apiv2][status] GET https://firebase.googleapis.com/v1beta1/projects/kahoot-clone-net 200
[debug] [2026-03-17T08:52:31.117Z] <<< [apiv2][body] GET https://firebase.googleapis.com/v1beta1/projects/kahoot-clone-net {"projectId":"kahoot-clone-net","projectNumber":"1006524137380","displayName":"kahoot-clone-net","name":"projects/kahoot-clone-net","resources":{"hostingSite":"kahoot-clone-net"},"state":"ACTIVE","etag":"1_3168cee1-7d66-43b6-b7ed-6c432b7e8626"}
[info] 
[info] Your public directory is the folder (relative to your project directory) that
[info] will contain Hosting assets to be uploaded with firebase deploy. If you
[info] have a build process for your assets, use your build's output directory.
[info] 
[debug] [2026-03-17T08:52:45.924Z] >>> [apiv2][query] GET https://www.gstatic.com/firebasejs/releases.json [none]
[debug] [2026-03-17T08:52:46.012Z] <<< [apiv2][status] GET https://www.gstatic.com/firebasejs/releases.json 200
[debug] [2026-03-17T08:52:46.012Z] <<< [apiv2][body] GET https://www.gstatic.com/firebasejs/releases.json {"current":{"version":"12.10.0","browserURL":"https://www.gstatic.com/firebasejs/12.10.0/firebase.js","packageURL":"https://www.gstatic.com/firebasejs/12.10.0/firebase.tgz"},"live":{"version":"12.10","browserURL":"https://www.gstatic.com/firebasejs/live/12.10/firebase.js","packageURL":"https://www.gstatic.com/firebasejs/live/12.10/firebase.tgz"},"components":{"ai":"https://www.gstatic.com/firebasejs/12.10.0/firebase-ai.js","analytics":"https://www.gstatic.com/firebasejs/12.10.0/firebase-analytics.js","app":"https://www.gstatic.com/firebasejs/12.10.0/firebase-app.js","app-check":"https://www.gstatic.com/firebasejs/12.10.0/firebase-app-check.js","auth":"https://www.gstatic.com/firebasejs/12.10.0/firebase-auth.js","auth/cordova":"https://www.gstatic.com/firebasejs/12.10.0/firebase-auth/cordova.js","auth/web-extension":"https://www.gstatic.com/firebasejs/12.10.0/firebase-auth/web-extension.js","functions":"https://www.gstatic.com/firebasejs/12.10.0/firebase-functions.js","firestore":"https://www.gstatic.com/firebasejs/12.10.0/firebase-firestore.js","firestore/lite":"https://www.gstatic.com/firebasejs/12.10.0/firebase-firestore/lite.js","firestore/pipelines":"https://www.gstatic.com/firebasejs/12.10.0/firebase-firestore/pipelines.js","firestore/lite/pipelines":"https://www.gstatic.com/firebasejs/12.10.0/firebase-firestore/lite/pipelines.js","installations":"https://www.gstatic.com/firebasejs/12.10.0/firebase-installations.js","storage":"https://www.gstatic.com/firebasejs/12.10.0/firebase-storage.js","performance":"https://www.gstatic.com/firebasejs/12.10.0/firebase-performance.js","remote-config":"https://www.gstatic.com/firebasejs/12.10.0/firebase-remote-config.js","messaging":"https://www.gstatic.com/firebasejs/12.10.0/firebase-messaging.js","messaging/sw":"https://www.gstatic.com/firebasejs/12.10.0/firebase-messaging/sw.js","database":"https://www.gstatic.com/firebasejs/12.10.0/firebase-database.js","data-connect":"https://www.gstatic.com/firebasejs/12.10.0/firebase-data-connect.js","firestore.memory":"https://www.gstatic.com/firebasejs/12.10.0/firebase-firestore.memory.js"}}
[info] +  Wrote public/index.html 
[info] 
[info] i  Detected a .git folder at D:\Project Files\kahoot-clone-fe 
[info] i  Authorizing with GitHub to upload your service account to a GitHub repository's secrets store. 
[info] 
[info] Visit this URL on this device to log in:
[info] https://github.com/login/oauth/authorize?client_id=89cf50f02ac6aaed3484&state=945099768&redirect_uri=http%3A%2F%2Flocalhost%3A9005&scope=read%3Auser%20repo%20public_repo
[info] 
[info] Waiting for authentication...
